<?xml version="1.0" encoding="UTF-8"?>
<testng-results skipped="0" failed="0" ignored="0" total="2" passed="2">
  <reporter-output>
    <line>
      <![CDATA[Setting up reports and Test is getting ready]]>
    </line>
    <line>
      <![CDATA[Setting Done- Test can be started]]>
    </line>
    <line>
      <![CDATA[Trying to start browser and getting application ready]]>
    </line>
    <line>
      <![CDATA[Browser and Application is up and running]]>
    </line>
    <line>
      <![CDATA[Test is about to end]]>
    </line>
    <line>
      <![CDATA[Test Completed >>> Repors Generated]]>
    </line>
    <line>
      <![CDATA[Test is about to end]]>
    </line>
    <line>
      <![CDATA[Test Completed >>> Repors Generated]]>
    </line>
  </reporter-output>
  <suite name="SampleSuite" duration-ms="13473" started-at="2023-04-29T14:11:12Z" finished-at="2023-04-29T14:11:26Z">
    <groups>
    </groups>
    <test name="SampleSuite" duration-ms="13473" started-at="2023-04-29T14:11:12Z" finished-at="2023-04-29T14:11:26Z">
      <class name="com.learnautomation.testcases.AsiteLogin">
        <test-method status="PASS" signature="setUpSuite()[pri:0, instance:com.learnautomation.testcases.AsiteLogin@402a079c]" name="setUpSuite" is-config="true" duration-ms="459" started-at="2023-04-29T19:41:12Z" finished-at="2023-04-29T19:41:12Z">
          <reporter-output>
            <line>
              <![CDATA[Setting up reports and Test is getting ready]]>
            </line>
            <line>
              <![CDATA[Setting Done- Test can be started]]>
            </line>
          </reporter-output>
        </test-method> <!-- setUpSuite -->
        <test-method status="PASS" signature="setup()[pri:0, instance:com.learnautomation.testcases.AsiteLogin@402a079c]" name="setup" is-config="true" duration-ms="6758" started-at="2023-04-29T19:41:12Z" finished-at="2023-04-29T19:41:19Z">
          <reporter-output>
            <line>
              <![CDATA[Trying to start browser and getting application ready]]>
            </line>
            <line>
              <![CDATA[Browser and Application is up and running]]>
            </line>
          </reporter-output>
        </test-method> <!-- setup -->
        <test-method status="PASS" signature="loginApp()[pri:1, instance:com.learnautomation.testcases.AsiteLogin@402a079c]" name="loginApp" duration-ms="2282" started-at="2023-04-29T19:41:19Z" finished-at="2023-04-29T19:41:21Z">
          <reporter-output>
          </reporter-output>
        </test-method> <!-- loginApp -->
        <test-method status="PASS" signature="tearDownMethod(org.testng.ITestResult)[pri:0, instance:com.learnautomation.testcases.AsiteLogin@402a079c]" name="tearDownMethod" is-config="true" duration-ms="481" started-at="2023-04-29T19:41:21Z" finished-at="2023-04-29T19:41:22Z">
          <params>
            <param index="0">
              <value>
                <![CDATA[[TestResult name=loginApp status=SUCCESS method=AsiteLogin.loginApp()[pri:1, instance:com.learnautomation.testcases.AsiteLogin@402a079c] output={null}]]]>
              </value>
            </param>
          </params>
          <reporter-output>
            <line>
              <![CDATA[Test is about to end]]>
            </line>
            <line>
              <![CDATA[Test Completed >>> Repors Generated]]>
            </line>
          </reporter-output>
        </test-method> <!-- tearDownMethod -->
        <test-method status="PASS" signature="logout()[pri:2, instance:com.learnautomation.testcases.AsiteLogin@402a079c]" name="logout" duration-ms="1" started-at="2023-04-29T19:41:22Z" finished-at="2023-04-29T19:41:22Z">
          <reporter-output>
          </reporter-output>
        </test-method> <!-- logout -->
        <test-method status="PASS" signature="tearDownMethod(org.testng.ITestResult)[pri:0, instance:com.learnautomation.testcases.AsiteLogin@402a079c]" name="tearDownMethod" is-config="true" duration-ms="3838" started-at="2023-04-29T19:41:22Z" finished-at="2023-04-29T19:41:26Z">
          <params>
            <param index="0">
              <value>
                <![CDATA[[TestResult name=logout status=SUCCESS method=AsiteLogin.logout()[pri:2, instance:com.learnautomation.testcases.AsiteLogin@402a079c] output={null}]]]>
              </value>
            </param>
          </params>
          <reporter-output>
            <line>
              <![CDATA[Test is about to end]]>
            </line>
            <line>
              <![CDATA[Test Completed >>> Repors Generated]]>
            </line>
          </reporter-output>
        </test-method> <!-- tearDownMethod -->
        <test-method status="PASS" signature="tearDown()[pri:0, instance:com.learnautomation.testcases.AsiteLogin@402a079c]" name="tearDown" is-config="true" duration-ms="92" started-at="2023-04-29T19:41:26Z" finished-at="2023-04-29T19:41:26Z">
          <reporter-output>
          </reporter-output>
        </test-method> <!-- tearDown -->
      </class> <!-- com.learnautomation.testcases.AsiteLogin -->
    </test> <!-- SampleSuite -->
  </suite> <!-- SampleSuite -->
</testng-results>
